[19/Oct/2018 19:05:29] INFO [common_backend:95] Saved sent sms log for user 0716357527
[19/Oct/2018 19:05:49] INFO [common_backend:20] Mobile number: 0716357527 exists
[19/Oct/2018 19:05:49] INFO [accounts_backend:100] Data was found
[19/Oct/2018 19:05:49] INFO [accounts:139] Ready to process password reset
[19/Oct/2018 19:06:26] INFO [common_backend:20] Mobile number: 0716357527 exists
[19/Oct/2018 19:06:26] INFO [accounts:166] Ready to reset password
[19/Oct/2018 19:10:47] INFO [common_backend:20] Mobile number: 0716357527 exists
[19/Oct/2018 19:10:47] INFO [accounts:97] Ready to process reset instructions
[19/Oct/2018 19:10:47] INFO [accounts_backend:131] Ready to process reset code
[19/Oct/2018 19:10:47] INFO [common_backend:47] This is your verification code : g481GP
[19/Oct/2018 19:10:47] INFO [common_backend:60] Code: g481GP is valid.
[19/Oct/2018 19:10:47] INFO [accounts_backend:82]  Your Phone is 0716357527
[19/Oct/2018 19:10:47] INFO [accounts_backend:83]  Your activation token is 50k-633c094ec36f3cd68e83
[19/Oct/2018 19:10:47] INFO [accounts_backend:84]  Your activation code is g481GP
[19/Oct/2018 19:10:47] INFO [accounts_backend:86] Your Genus registration verification code is: g481GP
[19/Oct/2018 19:10:51] INFO [accounts_backend:88] {'SMSMessageData': {'Message': 'Sent to 1/1 Total Cost: KES 0.8000 Message parts: 1', 'Recipients': [{'number': '+254716357527', 'cost': 'KES 0.8000', 'statusCode': 101, 'status': 'Success', 'messageId': 'ATXid_738f81a3cafd0365d97541242e274f70'}]}}
[19/Oct/2018 19:10:51] INFO [common_backend:95] Saved sent sms log for user 0716357527
[19/Oct/2018 19:11:06] INFO [common_backend:20] Mobile number: 0716357527 exists
[19/Oct/2018 19:11:06] INFO [accounts_backend:100] Data was found
[19/Oct/2018 19:11:06] INFO [accounts:139] Ready to process password reset
[19/Oct/2018 19:11:16] INFO [common_backend:20] Mobile number: 0716357527 exists
[19/Oct/2018 19:11:16] INFO [accounts:166] Ready to reset password
[19/Oct/2018 19:24:17] INFO [common_backend:20] Mobile number: 0716357527 exists
[19/Oct/2018 19:24:17] INFO [accounts:97] Ready to process reset instructions
[19/Oct/2018 19:24:17] INFO [accounts_backend:131] Ready to process reset code
[19/Oct/2018 19:24:17] INFO [common_backend:47] This is your verification code : FEfsv4
[19/Oct/2018 19:24:17] INFO [common_backend:60] Code: FEfsv4 is valid.
[19/Oct/2018 19:24:17] INFO [accounts_backend:82]  Your Phone is 0716357527
[19/Oct/2018 19:24:17] INFO [accounts_backend:83]  Your activation token is 50k-633c094ec36f3cd68e83
[19/Oct/2018 19:24:17] INFO [accounts_backend:84]  Your activation code is FEfsv4
[19/Oct/2018 19:24:17] INFO [accounts_backend:86] Your Genus registration verification code is: FEfsv4
[19/Oct/2018 19:24:18] ERROR [sms_sender:20] Encountered an error while sending: The supplied authentication is invalid
Traceback (most recent call last):
  File "/home/markez/projects/vinarq/genus/backend/common/send_sms.py", line 17, in africaStalkingSMS
    response = sms.send(message, [phone])
  File "/home/markez/.virtualenv/genus/lib/python3.5/site-packages/africastalking/SMS.py", line 32, in send
    return self._make_request(url, 'POST', headers=self._headers, params=None, data=data, callback=callback)
  File "/home/markez/.virtualenv/genus/lib/python3.5/site-packages/africastalking/Service.py", line 102, in _make_request
    raise AfricasTalkingException(res.text)
africastalking.Service.AfricasTalkingException: The supplied authentication is invalid
[19/Oct/2018 19:24:18] INFO [accounts_backend:88] None
[19/Oct/2018 19:24:18] INFO [common_backend:95] Saved sent sms log for user 0716357527
[19/Oct/2018 19:26:13] INFO [common_backend:20] Mobile number: 0716357527 exists
[19/Oct/2018 19:26:13] INFO [accounts:97] Ready to process reset instructions
[19/Oct/2018 19:26:13] INFO [accounts_backend:131] Ready to process reset code
[19/Oct/2018 19:26:13] INFO [common_backend:47] This is your verification code : EyBhl1
[19/Oct/2018 19:26:13] INFO [common_backend:60] Code: EyBhl1 is valid.
[19/Oct/2018 19:26:13] INFO [accounts_backend:82]  Your Phone is 0716357527
[19/Oct/2018 19:26:13] INFO [accounts_backend:83]  Your activation token is 50k-633c094ec36f3cd68e83
[19/Oct/2018 19:26:13] INFO [accounts_backend:84]  Your activation code is EyBhl1
[19/Oct/2018 19:26:13] INFO [accounts_backend:86] Your Genus registration verification code is: EyBhl1
[19/Oct/2018 19:26:14] INFO [accounts_backend:88] {'SMSMessageData': {'Message': 'Sent to 1/1 Total Cost: KES 0.8000 Message parts: 1', 'Recipients': [{'cost': 'KES 0.8000', 'statusCode': 101, 'status': 'Success', 'messageId': 'ATXid_f623d1fb32a9459fc7d4dfb2de338dc4', 'number': '+254716357527'}]}}
[19/Oct/2018 19:26:14] INFO [common_backend:95] Saved sent sms log for user 0716357527
[19/Oct/2018 19:26:30] INFO [common_backend:20] Mobile number: 0716357527 exists
[19/Oct/2018 19:26:30] INFO [accounts_backend:100] Data was found
[19/Oct/2018 19:26:30] INFO [accounts:139] Ready to process password reset
[19/Oct/2018 19:26:42] INFO [common_backend:20] Mobile number: 0716357527 exists
[19/Oct/2018 19:26:42] INFO [accounts:166] Ready to reset password
[19/Oct/2018 19:29:45] INFO [common_backend:20] Mobile number: 0716357527 exists
[19/Oct/2018 19:29:45] INFO [accounts:97] Ready to process reset instructions
[19/Oct/2018 19:29:45] INFO [accounts_backend:131] Ready to process reset code
[19/Oct/2018 19:29:45] INFO [common_backend:47] This is your verification code : eyIOu9
[19/Oct/2018 19:29:45] INFO [common_backend:60] Code: eyIOu9 is valid.
[19/Oct/2018 19:29:45] INFO [accounts_backend:82]  Your Phone is 0716357527
[19/Oct/2018 19:29:45] INFO [accounts_backend:83]  Your activation token is 50k-633c094ec36f3cd68e83
[19/Oct/2018 19:29:45] INFO [accounts_backend:84]  Your activation code is eyIOu9
[19/Oct/2018 19:29:45] INFO [accounts_backend:86] Your Genus registration verification code is: eyIOu9
[19/Oct/2018 19:29:46] INFO [accounts_backend:88] {'SMSMessageData': {'Message': 'Sent to 1/1 Total Cost: KES 0.8000 Message parts: 1', 'Recipients': [{'status': 'Success', 'cost': 'KES 0.8000', 'statusCode': 101, 'number': '+254716357527', 'messageId': 'ATXid_2318e095cbc71a955912373968efa050'}]}}
[19/Oct/2018 19:29:46] INFO [common_backend:95] Saved sent sms log for user 0716357527
[19/Oct/2018 19:29:59] INFO [common_backend:20] Mobile number: 0716357527 exists
[19/Oct/2018 19:29:59] INFO [accounts_backend:100] Data was found
[19/Oct/2018 19:29:59] INFO [accounts:139] Ready to process password reset
[19/Oct/2018 19:34:13] INFO [apis_view:26] 0716357527
[19/Oct/2018 19:34:13] INFO [apis_view:27] Marqez
[19/Oct/2018 19:34:13] INFO [apis_view:28] drichlet_2014
[19/Oct/2018 19:34:13] INFO [common_backend:20] Mobile number: 0716357527 exists
[19/Oct/2018 19:34:23] INFO [apis_view:26] 0716357527
[19/Oct/2018 19:34:23] INFO [apis_view:27] Marqez
[19/Oct/2018 19:34:23] INFO [apis_view:28] drichlet_2014
[19/Oct/2018 19:34:23] INFO [common_backend:20] Mobile number: 0716357527 exists
[19/Oct/2018 19:36:54] INFO [common_backend:23] Mobile number: 0716357528 does not exist
[19/Oct/2018 19:37:06] INFO [common_backend:23] Mobile number: 0716357529 does not exist
[19/Oct/2018 19:56:32] INFO [apis_view:125] 0716357527
[19/Oct/2018 19:56:32] INFO [common_backend:20] Mobile number: 0716357527 exists
[19/Oct/2018 19:56:32] INFO [accounts_backend:131] Ready to process reset code
[19/Oct/2018 19:56:32] INFO [common_backend:47] This is your verification code : 0lkJaq
[19/Oct/2018 19:56:32] INFO [common_backend:60] Code: 0lkJaq is valid.
[19/Oct/2018 19:56:32] INFO [accounts_backend:82]  Your Phone is 0716357527
[19/Oct/2018 19:56:32] INFO [accounts_backend:83]  Your activation token is 50k-633c094ec36f3cd68e83
[19/Oct/2018 19:56:32] INFO [accounts_backend:84]  Your activation code is 0lkJaq
[19/Oct/2018 19:56:32] INFO [accounts_backend:86] Your Genus verification code is: 0lkJaq
[19/Oct/2018 19:56:33] INFO [accounts_backend:88] {'SMSMessageData': {'Message': 'Sent to 1/1 Total Cost: KES 0.8000 Message parts: 1', 'Recipients': [{'status': 'Success', 'number': '+254716357527', 'messageId': 'ATXid_7378d1cc3237905654c9c0c62be5aa67', 'statusCode': 101, 'cost': 'KES 0.8000'}]}}
[19/Oct/2018 19:56:33] INFO [common_backend:95] Saved sent sms log for user 0716357527
[19/Oct/2018 19:56:33] ERROR [apis_view:139] 'bool' object does not support item assignment
Traceback (most recent call last):
  File "/home/markez/projects/vinarq/genus/apps/api/views.py", line 130, in post
    response['status'] = True
TypeError: 'bool' object does not support item assignment
[19/Oct/2018 19:59:53] INFO [apis_view:125] 0716357527
[19/Oct/2018 19:59:53] INFO [common_backend:20] Mobile number: 0716357527 exists
[19/Oct/2018 19:59:53] INFO [accounts_backend:131] Ready to process reset code
[19/Oct/2018 19:59:53] INFO [common_backend:47] This is your verification code : 9Etdmm
[19/Oct/2018 19:59:53] INFO [common_backend:60] Code: 9Etdmm is valid.
[19/Oct/2018 19:59:53] INFO [accounts_backend:82]  Your Phone is 0716357527
[19/Oct/2018 19:59:53] INFO [accounts_backend:83]  Your activation token is 50k-633c094ec36f3cd68e83
[19/Oct/2018 19:59:53] INFO [accounts_backend:84]  Your activation code is 9Etdmm
[19/Oct/2018 19:59:53] INFO [accounts_backend:86] Your Genus verification code is: 9Etdmm
[19/Oct/2018 19:59:54] INFO [accounts_backend:88] {'SMSMessageData': {'Message': 'Sent to 1/1 Total Cost: KES 0.8000 Message parts: 1', 'Recipients': [{'statusCode': 101, 'cost': 'KES 0.8000', 'messageId': 'ATXid_e4817ee8b102ed34f57dc74fc49fc05b', 'number': '+254716357527', 'status': 'Success'}]}}
[19/Oct/2018 19:59:54] INFO [common_backend:95] Saved sent sms log for user 0716357527
[19/Oct/2018 20:05:56] INFO [apis_view:125] 0716357527
[19/Oct/2018 20:05:56] INFO [common_backend:20] Mobile number: 0716357527 exists
[19/Oct/2018 20:05:56] INFO [accounts_backend:131] Ready to process reset code
[19/Oct/2018 20:05:56] INFO [common_backend:47] This is your verification code : 8mXlD6
[19/Oct/2018 20:05:56] INFO [common_backend:60] Code: 8mXlD6 is valid.
[19/Oct/2018 20:05:56] INFO [accounts_backend:82]  Your Phone is 0716357527
[19/Oct/2018 20:05:56] INFO [accounts_backend:83]  Your activation token is 50k-633c094ec36f3cd68e83
[19/Oct/2018 20:05:56] INFO [accounts_backend:84]  Your activation code is 8mXlD6
[19/Oct/2018 20:05:56] INFO [accounts_backend:86] Your Genus verification code is: 8mXlD6
[19/Oct/2018 20:05:57] INFO [accounts_backend:88] {'SMSMessageData': {'Message': 'Sent to 1/1 Total Cost: KES 0.8000 Message parts: 1', 'Recipients': [{'cost': 'KES 0.8000', 'number': '+254716357527', 'statusCode': 101, 'status': 'Success', 'messageId': 'ATXid_5ac4774c3245c9a1dfa0839345bc7537'}]}}
[19/Oct/2018 20:05:57] INFO [common_backend:95] Saved sent sms log for user 0716357527
[19/Oct/2018 20:09:05] INFO [apis_view:125] 0716357527
[19/Oct/2018 20:09:05] INFO [common_backend:20] Mobile number: 0716357527 exists
[19/Oct/2018 20:09:05] INFO [accounts_backend:131] Ready to process reset code
[19/Oct/2018 20:09:05] INFO [common_backend:47] This is your verification code : XqmeLz
[19/Oct/2018 20:09:05] INFO [common_backend:60] Code: XqmeLz is valid.
[19/Oct/2018 20:09:05] INFO [accounts_backend:82]  Your Phone is 0716357527
[19/Oct/2018 20:09:05] INFO [accounts_backend:83]  Your activation token is 50k-633c094ec36f3cd68e83
[19/Oct/2018 20:09:05] INFO [accounts_backend:84]  Your activation code is XqmeLz
[19/Oct/2018 20:09:05] INFO [accounts_backend:86] Your Genus verification code is: XqmeLz
[19/Oct/2018 20:09:06] INFO [accounts_backend:88] {'SMSMessageData': {'Recipients': [{'statusCode': 101, 'status': 'Success', 'number': '+254716357527', 'cost': 'KES 0.8000', 'messageId': 'ATXid_d0a0cd4b1e371434fc7bc0f228f5c218'}], 'Message': 'Sent to 1/1 Total Cost: KES 0.8000 Message parts: 1'}}
[19/Oct/2018 20:09:06] INFO [common_backend:95] Saved sent sms log for user 0716357527
[19/Oct/2018 20:10:35] INFO [apis_view:125] 0716357527
[19/Oct/2018 20:10:35] INFO [common_backend:20] Mobile number: 0716357527 exists
[19/Oct/2018 20:10:35] INFO [accounts_backend:131] Ready to process reset code
[19/Oct/2018 20:10:35] INFO [common_backend:47] This is your verification code : wL4m7B
[19/Oct/2018 20:10:35] INFO [common_backend:60] Code: wL4m7B is valid.
[19/Oct/2018 20:10:35] INFO [accounts_backend:82]  Your Phone is 0716357527
[19/Oct/2018 20:10:35] INFO [accounts_backend:83]  Your activation token is 50k-633c094ec36f3cd68e83
[19/Oct/2018 20:10:35] INFO [accounts_backend:84]  Your activation code is wL4m7B
[19/Oct/2018 20:10:35] INFO [accounts_backend:86] Your Genus verification code is: wL4m7B
[19/Oct/2018 20:10:35] INFO [common_backend:95] Saved sent sms log for user 0716357527
[19/Oct/2018 20:10:35] INFO [apis_view:129] True
[19/Oct/2018 20:11:25] INFO [apis_view:125] 0716357527
[19/Oct/2018 20:11:25] INFO [common_backend:20] Mobile number: 0716357527 exists
[19/Oct/2018 20:12:06] INFO [apis_view:125] 0716357527
[19/Oct/2018 20:12:06] INFO [common_backend:20] Mobile number: 0716357527 exists
[19/Oct/2018 20:12:06] INFO [accounts_backend:131] Ready to process reset code
[19/Oct/2018 20:12:06] INFO [common_backend:47] This is your verification code : rSFawQ
[19/Oct/2018 20:12:06] INFO [common_backend:60] Code: rSFawQ is valid.
[19/Oct/2018 20:12:06] INFO [accounts_backend:82]  Your Phone is 0716357527
[19/Oct/2018 20:12:06] INFO [accounts_backend:83]  Your activation token is 50k-633c094ec36f3cd68e83
[19/Oct/2018 20:12:06] INFO [accounts_backend:84]  Your activation code is rSFawQ
[19/Oct/2018 20:12:06] INFO [accounts_backend:86] Your Genus verification code is: rSFawQ
[19/Oct/2018 20:12:07] INFO [accounts_backend:88] {'SMSMessageData': {'Recipients': [{'number': '+254716357527', 'statusCode': 101, 'status': 'Success', 'messageId': 'ATXid_7a37b7b8bdc8331f4ef66d126eef8c6f', 'cost': 'KES 0.8000'}], 'Message': 'Sent to 1/1 Total Cost: KES 0.8000 Message parts: 1'}}
[19/Oct/2018 20:12:07] INFO [common_backend:95] Saved sent sms log for user 0716357527
[19/Oct/2018 20:12:07] INFO [apis_view:129] True
[19/Oct/2018 20:20:46] ERROR [apis_view:199] name 'requestResetCode' is not defined
Traceback (most recent call last):
  File "/home/markez/projects/vinarq/genus/apps/api/views.py", line 162, in post
    serializer = requestResetCode().get_serializer(
NameError: name 'requestResetCode' is not defined
[19/Oct/2018 20:21:56] INFO [apis_view:169] 0716357527
[19/Oct/2018 20:21:56] INFO [common_backend:20] Mobile number: 0716357527 exists
[19/Oct/2018 20:21:56] INFO [accounts_backend:100] Data was found
[19/Oct/2018 20:22:04] INFO [apis_view:169] 0716357527
[19/Oct/2018 20:22:04] INFO [common_backend:20] Mobile number: 0716357527 exists
[19/Oct/2018 20:22:04] INFO [accounts_backend:100] Data was found
[19/Oct/2018 20:22:04] INFO [accounts_backend:109] This code: rSFawQ has been provided for this user: 0716357527 but it has been verified already.
[19/Oct/2018 20:22:04] INFO [accounts_backend:110] The code provided is invalid!
[19/Oct/2018 20:25:16] INFO [apis_view:125] 0716357527
[19/Oct/2018 20:25:16] INFO [common_backend:20] Mobile number: 0716357527 exists
[19/Oct/2018 20:25:16] INFO [accounts_backend:131] Ready to process reset code
[19/Oct/2018 20:25:16] INFO [common_backend:47] This is your verification code : qKLX3F
[19/Oct/2018 20:25:16] INFO [common_backend:60] Code: qKLX3F is valid.
[19/Oct/2018 20:25:16] INFO [accounts_backend:82]  Your Phone is 0716357527
[19/Oct/2018 20:25:16] INFO [accounts_backend:83]  Your activation token is 50k-633c094ec36f3cd68e83
[19/Oct/2018 20:25:16] INFO [accounts_backend:84]  Your activation code is qKLX3F
[19/Oct/2018 20:25:16] INFO [accounts_backend:86] Your Genus verification code is: qKLX3F
[19/Oct/2018 20:25:17] INFO [accounts_backend:88] {'SMSMessageData': {'Message': 'Sent to 1/1 Total Cost: KES 0.8000 Message parts: 1', 'Recipients': [{'cost': 'KES 0.8000', 'messageId': 'ATXid_3e0db795906bb0859162c4557296607b', 'number': '+254716357527', 'statusCode': 101, 'status': 'Success'}]}}
[19/Oct/2018 20:25:17] INFO [common_backend:95] Saved sent sms log for user 0716357527
[19/Oct/2018 20:25:17] INFO [apis_view:129] True
[19/Oct/2018 20:25:43] INFO [apis_view:173] 0716357527
[19/Oct/2018 20:25:43] INFO [common_backend:20] Mobile number: 0716357527 exists
[19/Oct/2018 20:25:43] INFO [accounts_backend:100] Data was found
[19/Oct/2018 20:38:42] ERROR [apis_view:269] {'code': [ErrorDetail(string='This field is required.', code='required')]}
Traceback (most recent call last):
  File "/home/markez/projects/vinarq/genus/apps/api/views.py", line 227, in post
    serializer.is_valid(raise_exception=True)
  File "/home/markez/.virtualenv/genus/lib/python3.5/site-packages/rest_framework/serializers.py", line 244, in is_valid
    raise ValidationError(self.errors)
rest_framework.exceptions.ValidationError: {'code': [ErrorDetail(string='This field is required.', code='required')]}
[19/Oct/2018 20:40:35] INFO [apis_view:231] 0716357527
[19/Oct/2018 20:40:35] INFO [common_backend:20] Mobile number: 0716357527 exists
[19/Oct/2018 20:40:35] INFO [apis_view:234] Ready to reset password
[19/Oct/2018 20:40:46] INFO [apis_view:231] 0716357527
[19/Oct/2018 20:40:46] INFO [common_backend:20] Mobile number: 0716357527 exists
[19/Oct/2018 20:40:46] INFO [apis_view:234] Ready to reset password
[19/Oct/2018 20:40:55] INFO [apis_view:231] 0716357527
[19/Oct/2018 20:40:55] INFO [common_backend:20] Mobile number: 0716357527 exists
[19/Oct/2018 20:40:55] INFO [apis_view:234] Ready to reset password
[19/Oct/2018 20:40:55] ERROR [apis_view:269] 'bool' object does not support item assignment
Traceback (most recent call last):
  File "/home/markez/projects/vinarq/genus/apps/api/views.py", line 250, in post
    response['status'] = True
TypeError: 'bool' object does not support item assignment
[19/Oct/2018 20:42:25] INFO [apis_view:231] 0716357527
[19/Oct/2018 20:42:25] INFO [common_backend:20] Mobile number: 0716357527 exists
[19/Oct/2018 20:42:25] INFO [apis_view:234] Ready to reset password
[19/Oct/2018 20:43:25] INFO [apis_view:231] 0716357527
[19/Oct/2018 20:43:25] INFO [common_backend:20] Mobile number: 0716357527 exists
[19/Oct/2018 20:43:25] INFO [apis_view:234] Ready to reset password
[19/Oct/2018 20:43:28] INFO [apis_view:231] 0716357527
[19/Oct/2018 20:43:28] INFO [common_backend:20] Mobile number: 0716357527 exists
[19/Oct/2018 20:43:28] INFO [apis_view:234] Ready to reset password
[19/Oct/2018 20:43:34] INFO [apis_view:231] 0716357527
[19/Oct/2018 20:43:34] INFO [common_backend:20] Mobile number: 0716357527 exists
[19/Oct/2018 20:43:34] INFO [apis_view:234] Ready to reset password
[19/Oct/2018 20:44:35] INFO [apis_view:125] 0716357527
[19/Oct/2018 20:44:35] INFO [common_backend:20] Mobile number: 0716357527 exists
[19/Oct/2018 20:44:35] INFO [accounts_backend:131] Ready to process reset code
[19/Oct/2018 20:44:35] INFO [common_backend:47] This is your verification code : gEnVX3
[19/Oct/2018 20:44:35] INFO [common_backend:60] Code: gEnVX3 is valid.
[19/Oct/2018 20:44:35] INFO [accounts_backend:82]  Your Phone is 0716357527
[19/Oct/2018 20:44:35] INFO [accounts_backend:83]  Your activation token is 50k-633c094ec36f3cd68e83
[19/Oct/2018 20:44:35] INFO [accounts_backend:84]  Your activation code is gEnVX3
[19/Oct/2018 20:44:35] INFO [accounts_backend:86] Your Genus verification code is: gEnVX3
[19/Oct/2018 20:44:36] INFO [accounts_backend:88] {'SMSMessageData': {'Recipients': [{'number': '+254716357527', 'cost': 'KES 0.8000', 'statusCode': 101, 'messageId': 'ATXid_3033f84e698c5eb2e18777fcd099226b', 'status': 'Success'}], 'Message': 'Sent to 1/1 Total Cost: KES 0.8000 Message parts: 1'}}
[19/Oct/2018 20:44:36] INFO [common_backend:95] Saved sent sms log for user 0716357527
[19/Oct/2018 20:45:20] INFO [apis_view:172] 0716357527
[19/Oct/2018 20:45:20] INFO [common_backend:20] Mobile number: 0716357527 exists
[19/Oct/2018 20:45:20] INFO [accounts_backend:100] Data was found
[19/Oct/2018 20:45:55] INFO [apis_view:231] 0716357527
[19/Oct/2018 20:45:55] INFO [common_backend:20] Mobile number: 0716357527 exists
[19/Oct/2018 20:45:55] INFO [apis_view:234] Ready to reset password
[19/Oct/2018 20:46:05] INFO [apis_view:231] 0716357527
[19/Oct/2018 20:46:05] INFO [common_backend:20] Mobile number: 0716357527 exists
[19/Oct/2018 20:46:05] INFO [apis_view:234] Ready to reset password
[19/Oct/2018 20:47:16] INFO [apis_view:26] 0716357527
[19/Oct/2018 20:47:16] INFO [apis_view:27] Mark
[19/Oct/2018 20:47:16] INFO [apis_view:28] drichlet_2014
[19/Oct/2018 20:47:16] INFO [common_backend:20] Mobile number: 0716357527 exists
[19/Oct/2018 20:55:15] INFO [apis_view:172] 0716357527
[19/Oct/2018 20:55:15] INFO [common_backend:20] Mobile number: 0716357527 exists
[19/Oct/2018 20:55:15] INFO [accounts_backend:100] Data was found
[19/Oct/2018 20:55:15] INFO [accounts_backend:109] This code: gEnVX3 has been provided for this user: 0716357527 but it has been verified already.
[19/Oct/2018 20:55:15] INFO [accounts_backend:110] The code provided is invalid!
[19/Oct/2018 20:55:28] INFO [apis_view:172] 07163575276
[19/Oct/2018 20:55:28] INFO [common_backend:23] Mobile number: 07163575276 does not exist
[19/Oct/2018 20:55:33] INFO [apis_view:172] 07163575276
[19/Oct/2018 20:55:33] INFO [common_backend:23] Mobile number: 07163575276 does not exist
[19/Oct/2018 20:55:41] INFO [apis_view:172] 0716357527
[19/Oct/2018 20:55:41] INFO [common_backend:20] Mobile number: 0716357527 exists
[19/Oct/2018 20:55:41] INFO [accounts_backend:100] Data was found
[19/Oct/2018 20:55:41] INFO [accounts_backend:109] This code: gEnVX3 has been provided for this user: 0716357527 but it has been verified already.
[19/Oct/2018 20:55:41] INFO [accounts_backend:110] The code provided is invalid!
[19/Oct/2018 20:59:23] INFO [apis_view:235] 0716357527
[19/Oct/2018 20:59:23] INFO [common_backend:20] Mobile number: 0716357527 exists
[19/Oct/2018 20:59:23] INFO [apis_view:238] Ready to reset password
[19/Oct/2018 20:59:26] INFO [apis_view:235] 0716357527
[19/Oct/2018 20:59:26] INFO [common_backend:20] Mobile number: 0716357527 exists
[19/Oct/2018 20:59:26] INFO [apis_view:238] Ready to reset password
[20/Oct/2018 07:18:26] INFO [apis_view:28] 0716357527
[20/Oct/2018 07:18:26] INFO [apis_view:29] Marqez
[20/Oct/2018 07:18:26] INFO [apis_view:30] 0716357527
[20/Oct/2018 07:18:26] INFO [common_backend:20] Mobile number: 0716357527 exists
[20/Oct/2018 09:42:43] INFO [apis_view:237] 0716357527
[20/Oct/2018 09:42:43] INFO [common_backend:20] Mobile number: 0716357527 exists
[20/Oct/2018 09:42:43] INFO [apis_view:240] Ready to reset password
[20/Oct/2018 12:13:32] INFO [apis_view:240] 0716357527
[20/Oct/2018 12:13:32] INFO [common_backend:20] Mobile number: 0716357527 exists
[20/Oct/2018 12:13:32] INFO [apis_view:243] Ready to reset password
[21/Oct/2018 00:55:24] INFO [apis_view:34] 0716791692
[21/Oct/2018 00:55:24] INFO [apis_view:35] Peter
[21/Oct/2018 00:55:24] INFO [apis_view:36] 12345qwerty
[21/Oct/2018 00:55:24] INFO [common_backend:23] Mobile number: 0716791692 does not exist
[21/Oct/2018 00:55:24] INFO [common_backend:75] 25471
[21/Oct/2018 00:55:24] INFO [common_backend:47] This is your verification code : eTUVRU
[21/Oct/2018 00:55:24] INFO [common_backend:60] Code: eTUVRU is valid.
[21/Oct/2018 00:55:24] INFO [accounts_backend:82]  Your Phone is 0716791692
[21/Oct/2018 00:55:24] INFO [accounts_backend:83]  Your activation token is 50m-2949004200af86d24f0f
[21/Oct/2018 00:55:24] INFO [accounts_backend:84]  Your activation code is eTUVRU
[21/Oct/2018 00:55:24] INFO [accounts_backend:86] Your Genus verification code is: eTUVRU
[21/Oct/2018 00:55:25] INFO [accounts_backend:88] {'SMSMessageData': {'Message': 'Sent to 1/1 Total Cost: KES 0.8000 Message parts: 1', 'Recipients': [{'cost': 'KES 0.8000', 'messageId': 'ATXid_8c1a6c9ce47afb7b9b3bdeac09bcacb8', 'number': '+254716791692', 'statusCode': 101, 'status': 'Success'}]}}
[21/Oct/2018 00:55:25] INFO [common_backend:95] Saved sent sms log for user 0716791692
[21/Oct/2018 00:56:02] INFO [apis_view:79] 0716791692
[21/Oct/2018 00:56:02] INFO [apis_view:80] eTUVRU
[21/Oct/2018 00:56:02] INFO [common_backend:20] Mobile number: 0716791692 exists
[21/Oct/2018 00:56:02] INFO [accounts_backend:100] Data was found
[21/Oct/2018 00:57:17] INFO [apis_view:141] 0716791692
[21/Oct/2018 00:57:17] INFO [common_backend:20] Mobile number: 0716791692 exists
[21/Oct/2018 00:57:17] INFO [accounts_backend:131] Ready to process reset code
[21/Oct/2018 00:57:17] INFO [common_backend:47] This is your verification code : 8SokaY
[21/Oct/2018 00:57:17] INFO [common_backend:60] Code: 8SokaY is valid.
[21/Oct/2018 00:57:17] INFO [accounts_backend:82]  Your Phone is 0716791692
[21/Oct/2018 00:57:17] INFO [accounts_backend:83]  Your activation token is 50m-2fc2dcb2cc4557c05e2c
[21/Oct/2018 00:57:17] INFO [accounts_backend:84]  Your activation code is 8SokaY
[21/Oct/2018 00:57:17] INFO [accounts_backend:86] Your Genus verification code is: 8SokaY
[21/Oct/2018 00:57:18] INFO [accounts_backend:88] {'SMSMessageData': {'Message': 'Sent to 1/1 Total Cost: KES 0.8000 Message parts: 1', 'Recipients': [{'cost': 'KES 0.8000', 'messageId': 'ATXid_34f0d7d8a83feb8b6394a5873f52ccf3', 'number': '+254716791692', 'statusCode': 101, 'status': 'Success'}]}}
[21/Oct/2018 00:57:18] INFO [common_backend:95] Saved sent sms log for user 0716791692
[21/Oct/2018 00:57:45] INFO [apis_view:192] 0716791692
[21/Oct/2018 00:57:45] INFO [common_backend:20] Mobile number: 0716791692 exists
[21/Oct/2018 00:57:45] INFO [accounts_backend:100] Data was found
[21/Oct/2018 00:58:16] INFO [apis_view:255] 0716791692
[21/Oct/2018 00:58:16] INFO [common_backend:20] Mobile number: 0716791692 exists
[21/Oct/2018 00:58:16] INFO [apis_view:258] Ready to reset password
[21/Oct/2018 00:59:20] INFO [common_backend:20] Mobile number: 0716791692 exists
[21/Oct/2018 00:59:20] INFO [accounts:97] Ready to process reset instructions
[21/Oct/2018 00:59:20] INFO [accounts_backend:131] Ready to process reset code
[21/Oct/2018 00:59:20] INFO [common_backend:47] This is your verification code : 1Uv7KR
[21/Oct/2018 00:59:20] INFO [common_backend:60] Code: 1Uv7KR is valid.
[21/Oct/2018 00:59:20] INFO [accounts_backend:82]  Your Phone is 0716791692
[21/Oct/2018 00:59:20] INFO [accounts_backend:83]  Your activation token is 50m-2fc2dcb2cc4557c05e2c
[21/Oct/2018 00:59:20] INFO [accounts_backend:84]  Your activation code is 1Uv7KR
[21/Oct/2018 00:59:20] INFO [accounts_backend:86] Your Genus verification code is: 1Uv7KR
[21/Oct/2018 00:59:21] INFO [accounts_backend:88] {'SMSMessageData': {'Message': 'Sent to 1/1 Total Cost: KES 0.8000 Message parts: 1', 'Recipients': [{'cost': 'KES 0.8000', 'messageId': 'ATXid_f35c3fa19004754f9dcc62930e2edf44', 'number': '+254716791692', 'statusCode': 101, 'status': 'Success'}]}}
[21/Oct/2018 00:59:21] INFO [common_backend:95] Saved sent sms log for user 0716791692
[21/Oct/2018 00:59:34] INFO [common_backend:20] Mobile number: 0716791692 exists
[21/Oct/2018 00:59:34] INFO [accounts_backend:100] Data was found
[21/Oct/2018 00:59:34] INFO [accounts:139] Ready to process password reset
[21/Oct/2018 00:59:48] INFO [common_backend:20] Mobile number: 0716791692 exists
[21/Oct/2018 00:59:48] INFO [accounts:166] Ready to reset password
[24/Oct/2018 15:11:45] INFO [apis_view:34] 0716357527
[24/Oct/2018 15:11:45] INFO [apis_view:35] Markez
[24/Oct/2018 15:11:45] INFO [apis_view:36] drichlet_2014
[24/Oct/2018 15:11:45] INFO [common_backend:20] Mobile number: 0716357527 exists
[24/Oct/2018 15:12:48] INFO [apis_view:34] 07163575278
[24/Oct/2018 15:12:48] INFO [apis_view:35] Marqez
[24/Oct/2018 15:12:48] INFO [apis_view:36] drichlet_2014
[24/Oct/2018 15:12:48] INFO [common_backend:23] Mobile number: 07163575278 does not exist
[24/Oct/2018 15:12:49] INFO [accounts_backend:23] duplicate key value violates unique constraint "auth_user_username_key"
DETAIL:  Key (username)=(Marqez) already exists.

[24/Oct/2018 15:12:49] ERROR [apis_view:53] duplicate key value violates unique constraint "auth_user_username_key"
DETAIL:  Key (username)=(Marqez) already exists.
Traceback (most recent call last):
  File "/home/markez/.virtualenv/genus/lib/python3.5/site-packages/django/db/backends/utils.py", line 85, in _execute
    return self.cursor.execute(sql, params)
psycopg2.IntegrityError: duplicate key value violates unique constraint "auth_user_username_key"
DETAIL:  Key (username)=(Marqez) already exists.


The above exception was the direct cause of the following exception:

Traceback (most recent call last):
  File "/home/markez/projects/vinarq/genus/apps/api/views.py", line 47, in post
    RegistrationHandler.registerUserApi(user, mobile_number, username)
  File "/home/markez/projects/vinarq/genus/backend/accounts/processes.py", line 24, in registerUserApi
    raise e
  File "/home/markez/projects/vinarq/genus/backend/accounts/processes.py", line 18, in registerUserApi
    user.save()
  File "/home/markez/.virtualenv/genus/lib/python3.5/site-packages/django/contrib/auth/base_user.py", line 73, in save
    super().save(*args, **kwargs)
  File "/home/markez/.virtualenv/genus/lib/python3.5/site-packages/django/db/models/base.py", line 718, in save
    force_update=force_update, update_fields=update_fields)
  File "/home/markez/.virtualenv/genus/lib/python3.5/site-packages/django/db/models/base.py", line 748, in save_base
    updated = self._save_table(raw, cls, force_insert, force_update, using, update_fields)
  File "/home/markez/.virtualenv/genus/lib/python3.5/site-packages/django/db/models/base.py", line 831, in _save_table
    result = self._do_insert(cls._base_manager, using, fields, update_pk, raw)
  File "/home/markez/.virtualenv/genus/lib/python3.5/site-packages/django/db/models/base.py", line 869, in _do_insert
    using=using, raw=raw)
  File "/home/markez/.virtualenv/genus/lib/python3.5/site-packages/django/db/models/manager.py", line 82, in manager_method
    return getattr(self.get_queryset(), name)(*args, **kwargs)
  File "/home/markez/.virtualenv/genus/lib/python3.5/site-packages/django/db/models/query.py", line 1136, in _insert
    return query.get_compiler(using=using).execute_sql(return_id)
  File "/home/markez/.virtualenv/genus/lib/python3.5/site-packages/django/db/models/sql/compiler.py", line 1289, in execute_sql
    cursor.execute(sql, params)
  File "/home/markez/.virtualenv/genus/lib/python3.5/site-packages/django/db/backends/utils.py", line 100, in execute
    return super().execute(sql, params)
  File "/home/markez/.virtualenv/genus/lib/python3.5/site-packages/django/db/backends/utils.py", line 68, in execute
    return self._execute_with_wrappers(sql, params, many=False, executor=self._execute)
  File "/home/markez/.virtualenv/genus/lib/python3.5/site-packages/django/db/backends/utils.py", line 77, in _execute_with_wrappers
    return executor(sql, params, many, context)
  File "/home/markez/.virtualenv/genus/lib/python3.5/site-packages/django/db/backends/utils.py", line 85, in _execute
    return self.cursor.execute(sql, params)
  File "/home/markez/.virtualenv/genus/lib/python3.5/site-packages/django/db/utils.py", line 89, in __exit__
    raise dj_exc_value.with_traceback(traceback) from exc_value
  File "/home/markez/.virtualenv/genus/lib/python3.5/site-packages/django/db/backends/utils.py", line 85, in _execute
    return self.cursor.execute(sql, params)
django.db.utils.IntegrityError: duplicate key value violates unique constraint "auth_user_username_key"
DETAIL:  Key (username)=(Marqez) already exists.

[24/Oct/2018 15:19:36] INFO [apis_view:34] 0716357527
[24/Oct/2018 15:19:36] INFO [apis_view:35] Marqez
[24/Oct/2018 15:19:36] INFO [apis_view:36] drichlet_2014
[24/Oct/2018 15:19:36] INFO [common_backend:23] Mobile number: 0716357527 does not exist
[24/Oct/2018 15:19:36] INFO [common_backend:75] 25471
[24/Oct/2018 15:19:36] INFO [common_backend:47] This is your verification code : WF91Ek
[24/Oct/2018 15:19:36] INFO [common_backend:60] Code: WF91Ek is valid.
[24/Oct/2018 15:19:36] INFO [accounts_backend:82]  Your Phone is 0716357527
[24/Oct/2018 15:19:36] INFO [accounts_backend:83]  Your activation token is 50p-b0e0cc22d1f3a0668a47
[24/Oct/2018 15:19:36] INFO [accounts_backend:84]  Your activation code is WF91Ek
[24/Oct/2018 15:19:36] INFO [accounts_backend:86] Your Genus verification code is: WF91Ek
[24/Oct/2018 15:19:37] INFO [accounts_backend:88] {'SMSMessageData': {'Recipients': [{'status': 'Success', 'messageId': 'ATXid_02e18885bbee8fe1da47b81a1d4e6324', 'number': '+254716357527', 'statusCode': 101, 'cost': 'KES 0.8000'}], 'Message': 'Sent to 1/1 Total Cost: KES 0.8000 Message parts: 1'}}
[24/Oct/2018 15:19:37] INFO [common_backend:95] Saved sent sms log for user 0716357527
